Godot Engine v3.5.stable.official.991bb6ac7 - https://godotengine.org
 
Running
Starting Server
Attempting to Connect to Server
ERROR: Condition "!is_connected_to_host()" is true. Returned: FAILED
   at: put_packet (modules/websocket/wsl_peer.cpp:243) - Condition "!is_connected_to_host()" is true. Returned: FAILED
Connected to Web Server
Authenticating Server
Loading Map 0
Success
Created server on port 10000
Peer 1657862298 Connected
Attempting to Authorize Player 4IhMiIwZcAdCYlVeX+PKew==
Peer 1657862298 authorized with key 4IhMiIwZcAdCYlVeX+PKew==
Peer 1584750671 Connected
Attempting to Authorize Player ZYv1rZP86POvQ5kzNiSXBA==
Peer 1584750671 authorized with key ZYv1rZP86POvQ5kzNiSXBA==
Game Started
Game Ended
Peer 1657862298 Disconnected
Peer 1584750671 Disconnected
