Godot Engine v3.5.stable.official.991bb6ac7 - https://godotengine.org
 
Running
Starting Server
Attempting to Connect to Server
ERROR: Condition "!is_connected_to_host()" is true. Returned: FAILED
   at: put_packet (modules/websocket/wsl_peer.cpp:243) - Condition "!is_connected_to_host()" is true. Returned: FAILED
Connected to Web Server
Authenticating Server
Loading Map 0
Success
Created server on port 10001
Peer 1034312919 Connected
Attempting to Authorize Player nUFjdm0TNrO4IQCeGQKZTg==
Peer 1034312919 authorized with key nUFjdm0TNrO4IQCeGQKZTg==
Peer 1348474937 Connected
Attempting to Authorize Player +4cJDsnpxySVeaPDIBs7zA==
Peer 1348474937 authorized with key +4cJDsnpxySVeaPDIBs7zA==
Game Started
ERROR: Error calling method from signal 'died': 'Node2D(MainMap.gd)::playerDied': Method expected 2 arguments, but called with 1..
   at: emit_signal (core/object.cpp:1242) - Error calling method from signal 'died': 'Node2D(MainMap.gd)::playerDied': Method expected 2 arguments, but called with 1..
Peer 1034312919 Disconnected
Game Ended
