Godot Engine v3.5.stable.official.991bb6ac7 - https://godotengine.org
 
Running
Starting Server
Attempting to Connect to Server
ERROR: Condition "!is_connected_to_host()" is true. Returned: FAILED
   at: put_packet (modules/websocket/wsl_peer.cpp:243) - Condition "!is_connected_to_host()" is true. Returned: FAILED
Connected to Web Server
Authenticating Server
Loading Map 0
Success
Created server on port 10000
Peer 1502144124 Connected
Peer 1713666055 Connected
Attempting to Authorize Player ww0fY+MAmb0tNdk5wXGyjg==
Peer 1713666055 authorized with key ww0fY+MAmb0tNdk5wXGyjg==
Attempting to Authorize Player Q+QCBMgO+SsuwTsiCb5pkw==
Peer 1502144124 authorized with key Q+QCBMgO+SsuwTsiCb5pkw==
Game Started
SCRIPT ERROR: Invalid get index '0' (on base: 'Dictionary').
   at: playerScoredPoints (res://Maps/Main/MainMap.gdc:137) - Invalid get index '0' (on base: 'Dictionary').
SCRIPT ERROR: Invalid get index '1' (on base: 'Dictionary').
   at: playerScoredPoints (res://Maps/Main/MainMap.gdc:137) - Invalid get index '1' (on base: 'Dictionary').
SCRIPT ERROR: Invalid get index '0' (on base: 'Dictionary').
   at: playerScoredPoints (res://Maps/Main/MainMap.gdc:137) - Invalid get index '0' (on base: 'Dictionary').
SCRIPT ERROR: Invalid get index '1' (on base: 'Dictionary').
   at: playerScoredPoints (res://Maps/Main/MainMap.gdc:137) - Invalid get index '1' (on base: 'Dictionary').
SCRIPT ERROR: Invalid get index '0' (on base: 'Dictionary').
   at: playerScoredPoints (res://Maps/Main/MainMap.gdc:137) - Invalid get index '0' (on base: 'Dictionary').
SCRIPT ERROR: Invalid get index '1' (on base: 'Dictionary').
   at: playerScoredPoints (res://Maps/Main/MainMap.gdc:137) - Invalid get index '1' (on base: 'Dictionary').
SCRIPT ERROR: Invalid get index '1' (on base: 'Dictionary').
   at: playerScoredPoints (res://Maps/Main/MainMap.gdc:137) - Invalid get index '1' (on base: 'Dictionary').
SCRIPT ERROR: Invalid get index '1' (on base: 'Dictionary').
   at: playerScoredPoints (res://Maps/Main/MainMap.gdc:137) - Invalid get index '1' (on base: 'Dictionary').
SCRIPT ERROR: Invalid get index '1' (on base: 'Dictionary').
   at: playerScoredPoints (res://Maps/Main/MainMap.gdc:137) - Invalid get index '1' (on base: 'Dictionary').
SCRIPT ERROR: Invalid get index '1' (on base: 'Dictionary').
   at: playerScoredPoints (res://Maps/Main/MainMap.gdc:137) - Invalid get index '1' (on base: 'Dictionary').
SCRIPT ERROR: Invalid get index '1' (on base: 'Dictionary').
   at: playerScoredPoints (res://Maps/Main/MainMap.gdc:137) - Invalid get index '1' (on base: 'Dictionary').
SCRIPT ERROR: Invalid get index '1' (on base: 'Dictionary').
   at: playerScoredPoints (res://Maps/Main/MainMap.gdc:137) - Invalid get index '1' (on base: 'Dictionary').
SCRIPT ERROR: Invalid get index '1' (on base: 'Dictionary').
   at: playerScoredPoints (res://Maps/Main/MainMap.gdc:137) - Invalid get index '1' (on base: 'Dictionary').
SCRIPT ERROR: Invalid get index '1' (on base: 'Dictionary').
   at: playerScoredPoints (res://Maps/Main/MainMap.gdc:137) - Invalid get index '1' (on base: 'Dictionary').
SCRIPT ERROR: Invalid get index '1' (on base: 'Dictionary').
   at: playerScoredPoints (res://Maps/Main/MainMap.gdc:137) - Invalid get index '1' (on base: 'Dictionary').
SCRIPT ERROR: Invalid get index '1' (on base: 'Dictionary').
   at: playerScoredPoints (res://Maps/Main/MainMap.gdc:137) - Invalid get index '1' (on base: 'Dictionary').
SCRIPT ERROR: Invalid get index '1' (on base: 'Dictionary').
   at: playerScoredPoints (res://Maps/Main/MainMap.gdc:137) - Invalid get index '1' (on base: 'Dictionary').
Peer 1502144124 Disconnected
Peer 1713666055 Disconnected
Game Ended
