Godot Engine v3.5.stable.official.991bb6ac7 - https://godotengine.org
 
Running
Starting Server
Attempting to Connect to Server
ERROR: Condition "!is_connected_to_host()" is true. Returned: FAILED
   at: put_packet (modules/websocket/wsl_peer.cpp:243) - Condition "!is_connected_to_host()" is true. Returned: FAILED
Connected to Web Server
Authenticating Server
Loading Map 0
Success
Created server on port 10000
Peer 1273551815 Connected
Peer 1299943416 Connected
Attempting to Authorize Player /KifkyaiCUoNt3yiQl5l+A==
Peer 1273551815 authorized with key /KifkyaiCUoNt3yiQl5l+A==
Attempting to Authorize Player KI8a13tBlCMSTcCkqEf6Yw==
Peer 1299943416 authorized with key KI8a13tBlCMSTcCkqEf6Yw==
Game Started
Peer 1273551815 Disconnected
Peer 1299943416 Disconnected
Game Ended
