Godot Engine v3.5.stable.official.991bb6ac7 - https://godotengine.org
 
Running
Starting Server
Attempting to Connect to Server
ERROR: Condition "!is_connected_to_host()" is true. Returned: FAILED
   at: put_packet (modules/websocket/wsl_peer.cpp:243) - Condition "!is_connected_to_host()" is true. Returned: FAILED
Connected to Web Server
Authenticating Server
Loading Map 0
Success
Created server on port 10000
Peer 186162952 Connected
Peer 1712706728 Connected
Attempting to Authorize Player 9hhEV+gzljBlEaxe3KTXUw==
Peer 186162952 authorized with key 9hhEV+gzljBlEaxe3KTXUw==
Attempting to Authorize Player KhhLAsdvwGuUiKi/AFdQhg==
Peer 1712706728 authorized with key KhhLAsdvwGuUiKi/AFdQhg==
Game Started
Peer 186162952 Disconnected
Peer 1712706728 Disconnected
Game Ended
