Godot Engine v3.5.stable.official.991bb6ac7 - https://godotengine.org
 
Running
Starting Server
Attempting to Connect to Server
ERROR: Condition "!is_connected_to_host()" is true. Returned: FAILED
   at: put_packet (modules/websocket/wsl_peer.cpp:243) - Condition "!is_connected_to_host()" is true. Returned: FAILED
Connected to Web Server
Authenticating Server
Loading Map 0
Success
Created server on port 10000
Peer 1905071623 Connected
Peer 887051030 Connected
Attempting to Authorize Player gG9srVXk8gaHzcLEvZdZWA==
Peer 1905071623 authorized with key gG9srVXk8gaHzcLEvZdZWA==
Attempting to Authorize Player YZi4xCoGBnA6Ov4AQg6KIw==
Peer 887051030 authorized with key YZi4xCoGBnA6Ov4AQg6KIw==
Game Started
Peer 887051030 Disconnected
Peer 1905071623 Disconnected
Game Ended
