Godot Engine v3.5.stable.official.991bb6ac7 - https://godotengine.org
 
Running
Starting Server
Attempting to Connect to Server
ERROR: Condition "!is_connected_to_host()" is true. Returned: FAILED
   at: put_packet (modules/websocket/wsl_peer.cpp:243) - Condition "!is_connected_to_host()" is true. Returned: FAILED
Connected to Web Server
Authenticating Server
Loading Map 0
Success
Created server on port 10000
Peer 1887159689 Connected
Peer 1599909748 Connected
Attempting to Authorize Player LdvIXR6vTJOyJfO9U183Rg==
Peer 1887159689 authorized with key LdvIXR6vTJOyJfO9U183Rg==
Attempting to Authorize Player iUHJXSO8ZAFQJ1+deGxIsQ==
Peer 1599909748 authorized with key iUHJXSO8ZAFQJ1+deGxIsQ==
Game Started
idd
0
{0:{points:0}, 1:{points:0}}
SCRIPT ERROR: Invalid get index '0' (on base: 'Dictionary').
   at: playerScoredPoints (res://Maps/Main/MainMap.gdc:139) - Invalid get index '0' (on base: 'Dictionary').
test
1
{0:{points:0}, 1:{points:0}}
SCRIPT ERROR: Invalid get index '1' (on base: 'Dictionary').
   at: playerScoredPoints (res://Maps/Main/MainMap.gdc:139) - Invalid get index '1' (on base: 'Dictionary').
idd
0
{0:{points:0}, 1:{points:0}}
SCRIPT ERROR: Invalid get index '0' (on base: 'Dictionary').
   at: playerScoredPoints (res://Maps/Main/MainMap.gdc:139) - Invalid get index '0' (on base: 'Dictionary').
test
1
{0:{points:0}, 1:{points:0}}
SCRIPT ERROR: Invalid get index '1' (on base: 'Dictionary').
   at: playerScoredPoints (res://Maps/Main/MainMap.gdc:139) - Invalid get index '1' (on base: 'Dictionary').
idd
0
{0:{points:0}, 1:{points:0}}
SCRIPT ERROR: Invalid get index '0' (on base: 'Dictionary').
   at: playerScoredPoints (res://Maps/Main/MainMap.gdc:139) - Invalid get index '0' (on base: 'Dictionary').
test
1
{0:{points:0}, 1:{points:0}}
SCRIPT ERROR: Invalid get index '1' (on base: 'Dictionary').
   at: playerScoredPoints (res://Maps/Main/MainMap.gdc:139) - Invalid get index '1' (on base: 'Dictionary').
idd
0
{0:{points:0}, 1:{points:0}}
SCRIPT ERROR: Invalid get index '0' (on base: 'Dictionary').
   at: playerScoredPoints (res://Maps/Main/MainMap.gdc:139) - Invalid get index '0' (on base: 'Dictionary').
idd
0
{0:{points:0}, 1:{points:0}}
SCRIPT ERROR: Invalid get index '0' (on base: 'Dictionary').
   at: playerScoredPoints (res://Maps/Main/MainMap.gdc:139) - Invalid get index '0' (on base: 'Dictionary').
idd
0
{0:{points:0}, 1:{points:0}}
SCRIPT ERROR: Invalid get index '0' (on base: 'Dictionary').
   at: playerScoredPoints (res://Maps/Main/MainMap.gdc:139) - Invalid get index '0' (on base: 'Dictionary').
idd
0
{0:{points:0}, 1:{points:0}}
SCRIPT ERROR: Invalid get index '0' (on base: 'Dictionary').
   at: playerScoredPoints (res://Maps/Main/MainMap.gdc:139) - Invalid get index '0' (on base: 'Dictionary').
idd
0
{0:{points:0}, 1:{points:0}}
SCRIPT ERROR: Invalid get index '0' (on base: 'Dictionary').
   at: playerScoredPoints (res://Maps/Main/MainMap.gdc:139) - Invalid get index '0' (on base: 'Dictionary').
idd
0
{0:{points:0}, 1:{points:0}}
SCRIPT ERROR: Invalid get index '0' (on base: 'Dictionary').
   at: playerScoredPoints (res://Maps/Main/MainMap.gdc:139) - Invalid get index '0' (on base: 'Dictionary').
idd
0
{0:{points:0}, 1:{points:0}}
SCRIPT ERROR: Invalid get index '0' (on base: 'Dictionary').
   at: playerScoredPoints (res://Maps/Main/MainMap.gdc:139) - Invalid get index '0' (on base: 'Dictionary').
idd
0
{0:{points:0}, 1:{points:0}}
SCRIPT ERROR: Invalid get index '0' (on base: 'Dictionary').
   at: playerScoredPoints (res://Maps/Main/MainMap.gdc:139) - Invalid get index '0' (on base: 'Dictionary').
idd
0
{0:{points:0}, 1:{points:0}}
SCRIPT ERROR: Invalid get index '0' (on base: 'Dictionary').
   at: playerScoredPoints (res://Maps/Main/MainMap.gdc:139) - Invalid get index '0' (on base: 'Dictionary').
idd
0
{0:{points:0}, 1:{points:0}}
SCRIPT ERROR: Invalid get index '0' (on base: 'Dictionary').
   at: playerScoredPoints (res://Maps/Main/MainMap.gdc:139) - Invalid get index '0' (on base: 'Dictionary').
idd
0
{0:{points:0}, 1:{points:0}}
SCRIPT ERROR: Invalid get index '0' (on base: 'Dictionary').
   at: playerScoredPoints (res://Maps/Main/MainMap.gdc:139) - Invalid get index '0' (on base: 'Dictionary').
idd
0
{0:{points:0}, 1:{points:0}}
SCRIPT ERROR: Invalid get index '0' (on base: 'Dictionary').
   at: playerScoredPoints (res://Maps/Main/MainMap.gdc:139) - Invalid get index '0' (on base: 'Dictionary').
idd
0
{0:{points:0}, 1:{points:0}}
SCRIPT ERROR: Invalid get index '0' (on base: 'Dictionary').
   at: playerScoredPoints (res://Maps/Main/MainMap.gdc:139) - Invalid get index '0' (on base: 'Dictionary').
idd
0
{0:{points:0}, 1:{points:0}}
SCRIPT ERROR: Invalid get index '0' (on base: 'Dictionary').
   at: playerScoredPoints (res://Maps/Main/MainMap.gdc:139) - Invalid get index '0' (on base: 'Dictionary').
idd
0
{0:{points:0}, 1:{points:0}}
SCRIPT ERROR: Invalid get index '0' (on base: 'Dictionary').
   at: playerScoredPoints (res://Maps/Main/MainMap.gdc:139) - Invalid get index '0' (on base: 'Dictionary').
idd
0
{0:{points:0}, 1:{points:0}}
SCRIPT ERROR: Invalid get index '0' (on base: 'Dictionary').
   at: playerScoredPoints (res://Maps/Main/MainMap.gdc:139) - Invalid get index '0' (on base: 'Dictionary').
idd
0
{0:{points:0}, 1:{points:0}}
SCRIPT ERROR: Invalid get index '0' (on base: 'Dictionary').
   at: playerScoredPoints (res://Maps/Main/MainMap.gdc:139) - Invalid get index '0' (on base: 'Dictionary').
idd
0
{0:{points:0}, 1:{points:0}}
SCRIPT ERROR: Invalid get index '0' (on base: 'Dictionary').
   at: playerScoredPoints (res://Maps/Main/MainMap.gdc:139) - Invalid get index '0' (on base: 'Dictionary').
idd
0
{0:{points:0}, 1:{points:0}}
SCRIPT ERROR: Invalid get index '0' (on base: 'Dictionary').
   at: playerScoredPoints (res://Maps/Main/MainMap.gdc:139) - Invalid get index '0' (on base: 'Dictionary').
idd
0
{0:{points:0}, 1:{points:0}}
SCRIPT ERROR: Invalid get index '0' (on base: 'Dictionary').
   at: playerScoredPoints (res://Maps/Main/MainMap.gdc:139) - Invalid get index '0' (on base: 'Dictionary').
idd
0
{0:{points:0}, 1:{points:0}}
SCRIPT ERROR: Invalid get index '0' (on base: 'Dictionary').
   at: playerScoredPoints (res://Maps/Main/MainMap.gdc:139) - Invalid get index '0' (on base: 'Dictionary').
idd
0
{0:{points:0}, 1:{points:0}}
SCRIPT ERROR: Invalid get index '0' (on base: 'Dictionary').
   at: playerScoredPoints (res://Maps/Main/MainMap.gdc:139) - Invalid get index '0' (on base: 'Dictionary').
idd
0
{0:{points:0}, 1:{points:0}}
SCRIPT ERROR: Invalid get index '0' (on base: 'Dictionary').
   at: playerScoredPoints (res://Maps/Main/MainMap.gdc:139) - Invalid get index '0' (on base: 'Dictionary').
idd
0
{0:{points:0}, 1:{points:0}}
SCRIPT ERROR: Invalid get index '0' (on base: 'Dictionary').
   at: playerScoredPoints (res://Maps/Main/MainMap.gdc:139) - Invalid get index '0' (on base: 'Dictionary').
idd
0
{0:{points:0}, 1:{points:0}}
SCRIPT ERROR: Invalid get index '0' (on base: 'Dictionary').
   at: playerScoredPoints (res://Maps/Main/MainMap.gdc:139) - Invalid get index '0' (on base: 'Dictionary').
idd
0
{0:{points:0}, 1:{points:0}}
SCRIPT ERROR: Invalid get index '0' (on base: 'Dictionary').
   at: playerScoredPoints (res://Maps/Main/MainMap.gdc:139) - Invalid get index '0' (on base: 'Dictionary').
idd
0
{0:{points:0}, 1:{points:0}}
SCRIPT ERROR: Invalid get index '0' (on base: 'Dictionary').
   at: playerScoredPoints (res://Maps/Main/MainMap.gdc:139) - Invalid get index '0' (on base: 'Dictionary').
idd
0
{0:{points:0}, 1:{points:0}}
SCRIPT ERROR: Invalid get index '0' (on base: 'Dictionary').
   at: playerScoredPoints (res://Maps/Main/MainMap.gdc:139) - Invalid get index '0' (on base: 'Dictionary').
idd
0
{0:{points:0}, 1:{points:0}}
SCRIPT ERROR: Invalid get index '0' (on base: 'Dictionary').
   at: playerScoredPoints (res://Maps/Main/MainMap.gdc:139) - Invalid get index '0' (on base: 'Dictionary').
idd
0
{0:{points:0}, 1:{points:0}}
SCRIPT ERROR: Invalid get index '0' (on base: 'Dictionary').
   at: playerScoredPoints (res://Maps/Main/MainMap.gdc:139) - Invalid get index '0' (on base: 'Dictionary').
idd
0
{0:{points:0}, 1:{points:0}}
SCRIPT ERROR: Invalid get index '0' (on base: 'Dictionary').
   at: playerScoredPoints (res://Maps/Main/MainMap.gdc:139) - Invalid get index '0' (on base: 'Dictionary').
idd
0
{0:{points:0}, 1:{points:0}}
SCRIPT ERROR: Invalid get index '0' (on base: 'Dictionary').
   at: playerScoredPoints (res://Maps/Main/MainMap.gdc:139) - Invalid get index '0' (on base: 'Dictionary').
idd
0
{0:{points:0}, 1:{points:0}}
SCRIPT ERROR: Invalid get index '0' (on base: 'Dictionary').
   at: playerScoredPoints (res://Maps/Main/MainMap.gdc:139) - Invalid get index '0' (on base: 'Dictionary').
Peer 1887159689 Disconnected
Peer 1599909748 Disconnected
Game Ended
