Godot Engine v3.5.stable.official.991bb6ac7 - https://godotengine.org
 
Error Loading Save Data, code: 7
Creating Save File
Running
Starting Server
Attempting to Connect to Server
Connected to Web Server
Authenticating Server
Loading Map 0
Success
Created server on port 10000
Peer 740647262 Connected
Peer 383778085 Connected
Attempting to Authorize Player WihJ+jygfC+Hirz4Vht/Gg==
Peer 740647262 authorized with key WihJ+jygfC+Hirz4Vht/Gg==
Attempting to Authorize Player YCONDXKTx2AcjrtSU5yXcg==
Peer 383778085 authorized with key YCONDXKTx2AcjrtSU5yXcg==
Game Started
Peer 383778085 Disconnected
Peer 740647262 Disconnected
Game Ended
