Godot Engine v3.5.stable.official.991bb6ac7 - https://godotengine.org
 
Running
Starting Server
Attempting to Connect to Server
Connected to Web Server
Authenticating Server
{matchInfo:{map:main, players:{O2jA7UcVO7p6Auu1ROKyRw==:{team:1, type:0}, sFqxMjqJd5ZoT6bcQOy+UA==:{team:0, type:0}}, port:10000}, type:matchInfo}
Loading Map main
Loaded Map main
Created server on port 10000
Peer 1434443489 Connected
Peer 1143448562 Connected
Attempting to Authorize Player sFqxMjqJd5ZoT6bcQOy+UA==
Peer 1434443489 authorized with key sFqxMjqJd5ZoT6bcQOy+UA==
huh1
Attempting to Authorize Player O2jA7UcVO7p6Auu1ROKyRw==
Peer 1143448562 authorized with key O2jA7UcVO7p6Auu1ROKyRw==
huh1
SCRIPT ERROR: Invalid get index '21' (on base: 'Dictionary').
   at: regenPlayer (res://Game/RegenChamber.gdc:62) - Invalid get index '21' (on base: 'Dictionary').
SCRIPT ERROR: Invalid get index '21' (on base: 'Dictionary').
   at: exitChamber (res://Game/RegenChamber.gdc:67) - Invalid get index '21' (on base: 'Dictionary').
