Godot Engine v3.5.stable.official.991bb6ac7 - https://godotengine.org
 
Running
Starting Server
Attempting to Connect to Server
Connected to Web Server
Authenticating Server
{matchInfo:{map:main, players:{XiMIMw+gjzpqvhRREaZlfw==:{team:0, type:0}, debug1:{team:1, type:1}, debug2:{team:1, type:2}, p8niC6I8GQoLCX89MynLjg==:{team:1, type:0}}, port:10000}, type:matchInfo}
Loading Map main
Loaded Map main
Created server on port 10000
Peer 2089283651 Connected
Peer 1511705629 Connected
Attempting to Authorize Player p8niC6I8GQoLCX89MynLjg==
Peer 1511705629 authorized with key p8niC6I8GQoLCX89MynLjg==
huh1
Attempting to Authorize Player XiMIMw+gjzpqvhRREaZlfw==
Peer 2089283651 authorized with key XiMIMw+gjzpqvhRREaZlfw==
huh1
Peer 1511705629 Disconnected
Peer 2089283651 Disconnected
