Godot Engine v3.5.stable.official.991bb6ac7 - https://godotengine.org
 
Running
Starting Server
Attempting to Connect to Server
ERROR: Condition "!is_connected_to_host()" is true. Returned: FAILED
   at: put_packet (modules/websocket/wsl_peer.cpp:243) - Condition "!is_connected_to_host()" is true. Returned: FAILED
Connected to Web Server
Authenticating Server
Loading Map 0
Success
Created server on port 10000
Peer 1197433897 Connected
Peer 2034521079 Connected
Attempting to Authorize Player N4agANWjQsoav3l8BtPp6A==
Peer 1197433897 authorized with key N4agANWjQsoav3l8BtPp6A==
Attempting to Authorize Player 4TzQ8HOiuIbYbHcnmEppLQ==
Peer 2034521079 authorized with key 4TzQ8HOiuIbYbHcnmEppLQ==
Game Started
Peer 1197433897 Disconnected
Peer 2034521079 Disconnected
Game Ended
