Godot Engine v3.5.stable.official.991bb6ac7 - https://godotengine.org
 
Running
Starting Server
Attempting to Connect to Server
Connected to Web Server
Authenticating Server
{matchInfo:{map:main, players:{d:{key:syp/fx8C/T+khNOKurnxoA==, team:0, type:0}, f:{key:z1wsQ9znhs6jLOl7DTZRaw==, team:1, type:0}}, port:10000}, type:matchInfo}
Loading Map main
Loaded Map main
Created server on port 10000
Peer 1939106759 Connected
Attempting to Authorize Player syp/fx8C/T+khNOKurnxoA==
Peer 1939106759 authorized with key syp/fx8C/T+khNOKurnxoA==
{d:{id:1939106759, key:syp/fx8C/T+khNOKurnxoA==, team:0, type:0}, f:{id:-1, key:z1wsQ9znhs6jLOl7DTZRaw==, team:1, type:0}}
Peer 1616665492 Connected
Attempting to Authorize Player z1wsQ9znhs6jLOl7DTZRaw==
Peer 1616665492 authorized with key z1wsQ9znhs6jLOl7DTZRaw==
{d:{id:1939106759, key:syp/fx8C/T+khNOKurnxoA==, team:0, type:0}, f:{id:1616665492, key:z1wsQ9znhs6jLOl7DTZRaw==, team:1, type:0}}
huh
Peer 1616665492 Disconnected
Peer 1939106759 Disconnected
